
*** Running vivado
    with args -log fire.vds -m64 -product Vivado -mode batch -messageDb vivado.pb -notrace -source fire.tcl



****** Vivado v2020.1 (64-bit)
  **** SW Build 2902540 on Wed May 27 19:54:49 MDT 2020
  **** IP Build 2902112 on Wed May 27 22:43:36 MDT 2020
    ** Copyright 1986-2020 Xilinx, Inc. All Rights Reserved.

source fire.tcl -notrace
Command: synth_design -top fire -part xc7z020clg400-1
Starting synth_design
Attempting to get a license for feature 'Synthesis' and/or device 'xc7z020'
INFO: [Common 17-349] Got license for feature 'Synthesis' and/or device 'xc7z020'
INFO: [Synth 8-7079] Multithreading enabled for synth_design using a maximum of 2 processes.
INFO: [Synth 8-7078] Launching helper process for spawning children vivado processes
INFO: [Synth 8-7075] Helper process launched with PID 21400
---------------------------------------------------------------------------------
Starting Synthesize : Time (s): cpu = 00:00:07 ; elapsed = 00:00:09 . Memory (MB): peak = 1110.766 ; gain = 0.000
---------------------------------------------------------------------------------
INFO: [Synth 8-6157] synthesizing module 'fire' [C:/Users/Abhi Kamboj/ECE498-Project-SqueezeNet/hardware/fire-module-vivado/fire-module-vivado.srcs/sources_1/imports/hardware/fire.sv:4]
INFO: [Synth 8-6157] synthesizing module 'PE' [C:/Users/Abhi Kamboj/ECE498-Project-SqueezeNet/hardware/fire-module-vivado/fire-module-vivado.srcs/sources_1/imports/hardware/fire.sv:33]
INFO: [Synth 8-6157] synthesizing module 'multiply' [C:/Users/Abhi Kamboj/ECE498-Project-SqueezeNet/hardware/fire-module-vivado/fire-module-vivado.srcs/sources_1/imports/hardware/fire.sv:56]
INFO: [Synth 8-6155] done synthesizing module 'multiply' (1#1) [C:/Users/Abhi Kamboj/ECE498-Project-SqueezeNet/hardware/fire-module-vivado/fire-module-vivado.srcs/sources_1/imports/hardware/fire.sv:56]
INFO: [Synth 8-6157] synthesizing module 'add' [C:/Users/Abhi Kamboj/ECE498-Project-SqueezeNet/hardware/fire-module-vivado/fire-module-vivado.srcs/sources_1/imports/hardware/fire.sv:50]
INFO: [Synth 8-6155] done synthesizing module 'add' (2#1) [C:/Users/Abhi Kamboj/ECE498-Project-SqueezeNet/hardware/fire-module-vivado/fire-module-vivado.srcs/sources_1/imports/hardware/fire.sv:50]
INFO: [Synth 8-6157] synthesizing module 'register' [C:/Users/Abhi Kamboj/ECE498-Project-SqueezeNet/hardware/fire-module-vivado/fire-module-vivado.srcs/sources_1/imports/hardware/fire.sv:62]
INFO: [Synth 8-6155] done synthesizing module 'register' (3#1) [C:/Users/Abhi Kamboj/ECE498-Project-SqueezeNet/hardware/fire-module-vivado/fire-module-vivado.srcs/sources_1/imports/hardware/fire.sv:62]
INFO: [Synth 8-6157] synthesizing module 'RELU' [C:/Users/Abhi Kamboj/ECE498-Project-SqueezeNet/hardware/fire-module-vivado/fire-module-vivado.srcs/sources_1/imports/hardware/fire.sv:44]
INFO: [Synth 8-6155] done synthesizing module 'RELU' (4#1) [C:/Users/Abhi Kamboj/ECE498-Project-SqueezeNet/hardware/fire-module-vivado/fire-module-vivado.srcs/sources_1/imports/hardware/fire.sv:44]
INFO: [Synth 8-6155] done synthesizing module 'PE' (5#1) [C:/Users/Abhi Kamboj/ECE498-Project-SqueezeNet/hardware/fire-module-vivado/fire-module-vivado.srcs/sources_1/imports/hardware/fire.sv:33]
INFO: [Synth 8-6155] done synthesizing module 'fire' (6#1) [C:/Users/Abhi Kamboj/ECE498-Project-SqueezeNet/hardware/fire-module-vivado/fire-module-vivado.srcs/sources_1/imports/hardware/fire.sv:4]
---------------------------------------------------------------------------------
Finished Synthesize : Time (s): cpu = 00:00:08 ; elapsed = 00:00:11 . Memory (MB): peak = 1110.766 ; gain = 0.000
---------------------------------------------------------------------------------
---------------------------------------------------------------------------------
Finished Constraint Validation : Time (s): cpu = 00:00:09 ; elapsed = 00:00:12 . Memory (MB): peak = 1110.766 ; gain = 0.000
---------------------------------------------------------------------------------
---------------------------------------------------------------------------------
Start Loading Part and Timing Information
---------------------------------------------------------------------------------
Loading part: xc7z020clg400-1
INFO: [Device 21-403] Loading part xc7z020clg400-1
---------------------------------------------------------------------------------
Finished Loading Part and Timing Information : Time (s): cpu = 00:00:09 ; elapsed = 00:00:12 . Memory (MB): peak = 1110.766 ; gain = 0.000
---------------------------------------------------------------------------------
---------------------------------------------------------------------------------
Finished RTL Optimization Phase 2 : Time (s): cpu = 00:00:09 ; elapsed = 00:00:13 . Memory (MB): peak = 1110.766 ; gain = 0.000
---------------------------------------------------------------------------------
No constraint files found.
---------------------------------------------------------------------------------
Start RTL Component Statistics 
---------------------------------------------------------------------------------
Detailed RTL Component Info : 
+---Adders : 
	   2 Input  257 Bit       Adders := 9     
	  10 Input  257 Bit       Adders := 1     
+---Registers : 
	              257 Bit    Registers := 9     
+---Multipliers : 
	            257x257  Multipliers := 9     
+---Muxes : 
	   2 Input  257 Bit        Muxes := 9     
---------------------------------------------------------------------------------
Finished RTL Component Statistics 
---------------------------------------------------------------------------------
---------------------------------------------------------------------------------
Start Part Resource Summary
---------------------------------------------------------------------------------
Part Resources:
DSPs: 220 (col length:60)
BRAMs: 280 (col length: RAMB18 60 RAMB36 30)
---------------------------------------------------------------------------------
Finished Part Resource Summary
---------------------------------------------------------------------------------
No constraint files found.
---------------------------------------------------------------------------------
Start Cross Boundary and Area Optimization
---------------------------------------------------------------------------------
---------------------------------------------------------------------------------
Finished Cross Boundary and Area Optimization : Time (s): cpu = 00:00:31 ; elapsed = 00:00:53 . Memory (MB): peak = 1137.754 ; gain = 26.988
---------------------------------------------------------------------------------
No constraint files found.
---------------------------------------------------------------------------------
Start Timing Optimization
---------------------------------------------------------------------------------
---------------------------------------------------------------------------------
Finished Timing Optimization : Time (s): cpu = 00:00:32 ; elapsed = 00:00:54 . Memory (MB): peak = 1137.754 ; gain = 26.988
---------------------------------------------------------------------------------
---------------------------------------------------------------------------------
Start Technology Mapping
---------------------------------------------------------------------------------
---------------------------------------------------------------------------------
Finished Technology Mapping : Time (s): cpu = 00:00:35 ; elapsed = 00:00:57 . Memory (MB): peak = 1142.680 ; gain = 31.914
---------------------------------------------------------------------------------
---------------------------------------------------------------------------------
Start IO Insertion
---------------------------------------------------------------------------------
---------------------------------------------------------------------------------
Start Flattening Before IO Insertion
---------------------------------------------------------------------------------
---------------------------------------------------------------------------------
Finished Flattening Before IO Insertion
---------------------------------------------------------------------------------
---------------------------------------------------------------------------------
Start Final Netlist Cleanup
---------------------------------------------------------------------------------
---------------------------------------------------------------------------------
Finished Final Netlist Cleanup
---------------------------------------------------------------------------------
---------------------------------------------------------------------------------
Finished IO Insertion : Time (s): cpu = 00:00:42 ; elapsed = 00:01:04 . Memory (MB): peak = 1149.504 ; gain = 38.738
---------------------------------------------------------------------------------
---------------------------------------------------------------------------------
Start Renaming Generated Instances
---------------------------------------------------------------------------------
---------------------------------------------------------------------------------
Finished Renaming Generated Instances : Time (s): cpu = 00:00:42 ; elapsed = 00:01:04 . Memory (MB): peak = 1149.504 ; gain = 38.738
---------------------------------------------------------------------------------
---------------------------------------------------------------------------------
Start Rebuilding User Hierarchy
---------------------------------------------------------------------------------
---------------------------------------------------------------------------------
Finished Rebuilding User Hierarchy : Time (s): cpu = 00:00:42 ; elapsed = 00:01:05 . Memory (MB): peak = 1149.504 ; gain = 38.738
---------------------------------------------------------------------------------
---------------------------------------------------------------------------------
Start Renaming Generated Ports
---------------------------------------------------------------------------------
---------------------------------------------------------------------------------
Finished Renaming Generated Ports : Time (s): cpu = 00:00:43 ; elapsed = 00:01:05 . Memory (MB): peak = 1149.504 ; gain = 38.738
---------------------------------------------------------------------------------
---------------------------------------------------------------------------------
Start Handling Custom Attributes
---------------------------------------------------------------------------------
---------------------------------------------------------------------------------
Finished Handling Custom Attributes : Time (s): cpu = 00:00:43 ; elapsed = 00:01:05 . Memory (MB): peak = 1149.504 ; gain = 38.738
---------------------------------------------------------------------------------
---------------------------------------------------------------------------------
Start Renaming Generated Nets
---------------------------------------------------------------------------------
---------------------------------------------------------------------------------
Finished Renaming Generated Nets : Time (s): cpu = 00:00:43 ; elapsed = 00:01:05 . Memory (MB): peak = 1149.504 ; gain = 38.738
---------------------------------------------------------------------------------
---------------------------------------------------------------------------------
Start Writing Synthesis Report
---------------------------------------------------------------------------------

Report BlackBoxes: 
+-+--------------+----------+
| |BlackBox name |Instances |
+-+--------------+----------+
+-+--------------+----------+

Report Cell Usage: 
+------+-------+------+
|      |Cell   |Count |
+------+-------+------+
|1     |BUFG   |     1|
|2     |CARRY4 |   935|
|3     |LUT2   |  2665|
|4     |LUT3   |   290|
|5     |LUT4   |   438|
|6     |LUT5   |    39|
|7     |LUT6   |  2121|
|8     |FDRE   |  2374|
|9     |IBUF   |   155|
|10    |OBUF   |  2570|
+------+-------+------+

Report Instance Areas: 
+------+----------------+------------+------+
|      |Instance        |Module      |Cells |
+------+----------------+------------+------+
|1     |top             |            | 11588|
|2     |  \PE_array[0]  |PE          |   947|
|3     |    hold_MAC    |register_22 |   828|
|4     |    m           |multiply_23 |   119|
|5     |  \PE_array[1]  |PE_0        |  1277|
|6     |    hold_MAC    |register_20 |  1158|
|7     |    m           |multiply_21 |   119|
|8     |  \PE_array[2]  |PE_1        |  1276|
|9     |    hold_MAC    |register_18 |  1157|
|10    |    m           |multiply_19 |   119|
|11    |  \PE_array[3]  |PE_2        |   700|
|12    |    hold_MAC    |register_16 |   581|
|13    |    m           |multiply_17 |   119|
|14    |  \PE_array[4]  |PE_3        |   701|
|15    |    hold_MAC    |register_14 |   582|
|16    |    m           |multiply_15 |   119|
|17    |  \PE_array[5]  |PE_4        |  1275|
|18    |    hold_MAC    |register_12 |  1156|
|19    |    m           |multiply_13 |   119|
|20    |  \PE_array[6]  |PE_5        |   700|
|21    |    hold_MAC    |register_10 |   581|
|22    |    m           |multiply_11 |   119|
|23    |  \PE_array[7]  |PE_6        |   701|
|24    |    hold_MAC    |register_8  |   582|
|25    |    m           |multiply_9  |   119|
|26    |  \PE_array[8]  |PE_7        |  1030|
|27    |    hold_MAC    |register    |   911|
|28    |    m           |multiply    |   119|
+------+----------------+------------+------+
---------------------------------------------------------------------------------
Finished Writing Synthesis Report : Time (s): cpu = 00:00:43 ; elapsed = 00:01:05 . Memory (MB): peak = 1149.504 ; gain = 38.738
---------------------------------------------------------------------------------
Synthesis finished with 0 errors, 0 critical warnings and 0 warnings.
Synthesis Optimization Runtime : Time (s): cpu = 00:00:43 ; elapsed = 00:01:05 . Memory (MB): peak = 1149.504 ; gain = 38.738
Synthesis Optimization Complete : Time (s): cpu = 00:00:43 ; elapsed = 00:01:05 . Memory (MB): peak = 1149.504 ; gain = 38.738
INFO: [Project 1-571] Translating synthesized netlist
Netlist sorting complete. Time (s): cpu = 00:00:00 ; elapsed = 00:00:00.446 . Memory (MB): peak = 1161.648 ; gain = 0.000
INFO: [Netlist 29-17] Analyzing 935 Unisim elements for replacement
INFO: [Netlist 29-28] Unisim Transformation completed in 0 CPU seconds
INFO: [Project 1-570] Preparing netlist for logic optimization
INFO: [Opt 31-138] Pushed 0 inverter(s) to 0 load pin(s).
Netlist sorting complete. Time (s): cpu = 00:00:00 ; elapsed = 00:00:00.003 . Memory (MB): peak = 1210.250 ; gain = 0.000
INFO: [Project 1-111] Unisim Transformation Summary:
No Unisim elements were transformed.

INFO: [Common 17-83] Releasing license: Synthesis
24 Infos, 0 Warnings, 0 Critical Warnings and 0 Errors encountered.
synth_design completed successfully
synth_design: Time (s): cpu = 00:00:55 ; elapsed = 00:01:21 . Memory (MB): peak = 1210.250 ; gain = 99.484
INFO: [Common 17-1381] The checkpoint 'C:/Users/Abhi Kamboj/ECE498-Project-SqueezeNet/hardware/fire-module-vivado/fire-module-vivado.runs/synth_1/fire.dcp' has been generated.
INFO: [runtcl-4] Executing : report_utilization -file fire_utilization_synth.rpt -pb fire_utilization_synth.pb
INFO: [Common 17-206] Exiting Vivado at Wed Dec  9 18:59:48 2020...
